# JRE version: OpenJDK Runtime Environment Temurin-17.0.6+10 (17.0.6+10) (build 17.0.6+10)
# Java VM: OpenJDK 64-Bit Server VM Temurin-17.0.6+10 (17.0.6+10, mixed mode, tiered, compressed oops, compressed class ptrs, g1 gc, windows-amd64)
GC Precious Log:
 CPUs: 12 total, 12 available
 Memory: 7519M
 Large Page Support: Disabled
 NUMA Support: Disabled
 Compressed Oops: Enabled (32-bit)
 Heap Region Size: 1M
 Heap Min Capacity: 8M
 Heap Initial Capacity: 118M
 Heap Max Capacity: 1880M
 Pre-touch: Disabled
 Parallel Workers: 10
 Concurrent Workers: 3
 Concurrent Refinement Workers: 10
 Periodic GC: Disabled
Heap:
 garbage-first heap   total 112640K, used 28613K [0x000000008a800000, 0x0000000100000000)
  region size 1024K, 1 young (1024K), 1 survivors (1024K)
 Metaspace       used 82776K, committed 83328K, reserved 1122304K
  class space    used 10161K, committed 10496K, reserved 1048576K
GC Heap History (20 events):
Event: 7379.812 GC heap before
{Heap before GC invocations=107 (full 1):
 garbage-first heap   total 116736K, used 32018K [0x000000008a800000, 0x0000000100000000)
  region size 1024K, 5 young (5120K), 1 survivors (1024K)
 Metaspace       used 82768K, committed 83328K, reserved 1122304K
  class space    used 10160K, committed 10496K, reserved 1048576K
}
Event: 7379.814 GC heap after
{Heap after GC invocations=108 (full 1):
 garbage-first heap   total 116736K, used 28946K [0x000000008a800000, 0x0000000100000000)
  region size 1024K, 1 young (1024K), 1 survivors (1024K)
 Metaspace       used 82768K, committed 83328K, reserved 1122304K
  class space    used 10160K, committed 10496K, reserved 1048576K
}
Event: 7380.673 GC heap before
{Heap before GC invocations=108 (full 1):
 garbage-first heap   total 116736K, used 96530K [0x000000008a800000, 0x0000000100000000)
  region size 1024K, 68 young (69632K), 1 survivors (1024K)
 Metaspace       used 82768K, committed 83328K, reserved 1122304K
  class space    used 10160K, committed 10496K, reserved 1048576K
}
Event: 7380.675 GC heap after
{Heap after GC invocations=109 (full 1):
 garbage-first heap   total 116736K, used 28956K [0x000000008a800000, 0x0000000100000000)
  region size 1024K, 1 young (1024K), 1 survivors (1024K)
 Metaspace       used 82768K, committed 83328K, reserved 1122304K
  class space    used 10160K, committed 10496K, reserved 1048576K
}
Event: 7381.523 GC heap before
{Heap before GC invocations=110 (full 1):
 garbage-first heap   total 112640K, used 94492K [0x000000008a800000, 0x0000000100000000)
  region size 1024K, 66 young (67584K), 1 survivors (1024K)
 Metaspace       used 82768K, committed 83328K, reserved 1122304K
  class space    used 10160K, committed 10496K, reserved 1048576K
}
Event: 7381.524 GC heap after
{Heap after GC invocations=111 (full 1):
 garbage-first heap   total 112640K, used 28956K [0x000000008a800000, 0x0000000100000000)
  region size 1024K, 1 young (1024K), 1 survivors (1024K)
 Metaspace       used 82768K, committed 83328K, reserved 1122304K
  class space    used 10160K, committed 10496K, reserved 1048576K
}
Event: 7381.571 GC heap before
{Heap before GC invocations=111 (full 1):
 garbage-first heap   total 112640K, used 32028K [0x000000008a800000, 0x0000000100000000)
  region size 1024K, 5 young (5120K), 1 survivors (1024K)
 Metaspace       used 82768K, committed 83328K, reserved 1122304K
  class space    used 10160K, committed 10496K, reserved 1048576K
}
Event: 7381.572 GC heap after
{Heap after GC invocations=112 (full 1):
 garbage-first heap   total 112640K, used 28941K [0x000000008a800000, 0x0000000100000000)
  region size 1024K, 1 young (1024K), 1 survivors (1024K)
 Metaspace       used 82768K, committed 83328K, reserved 1122304K
  class space    used 10160K, committed 10496K, reserved 1048576K
}
Event: 7382.357 GC heap before
{Heap before GC invocations=112 (full 1):
 garbage-first heap   total 112640K, used 94477K [0x000000008a800000, 0x0000000100000000)
  region size 1024K, 66 young (67584K), 1 survivors (1024K)
 Metaspace       used 82770K, committed 83328K, reserved 1122304K
  class space    used 10161K, committed 10496K, reserved 1048576K
}
Event: 7382.360 GC heap after
{Heap after GC invocations=113 (full 1):
 garbage-first heap   total 112640K, used 29000K [0x000000008a800000, 0x0000000100000000)
  region size 1024K, 1 young (1024K), 1 survivors (1024K)
 Metaspace       used 82770K, committed 83328K, reserved 1122304K
  class space    used 10161K, committed 10496K, reserved 1048576K
}
Event: 7383.115 GC heap before
{Heap before GC invocations=114 (full 1):
 garbage-first heap   total 112640K, used 94536K [0x000000008a800000, 0x0000000100000000)
  region size 1024K, 66 young (67584K), 1 survivors (1024K)
 Metaspace       used 82770K, committed 83328K, reserved 1122304K
  class space    used 10161K, committed 10496K, reserved 1048576K
}
Event: 7383.116 GC heap after
{Heap after GC invocations=115 (full 1):
 garbage-first heap   total 112640K, used 28948K [0x000000008a800000, 0x0000000100000000)
  region size 1024K, 1 young (1024K), 1 survivors (1024K)
 Metaspace       used 82770K, committed 83328K, reserved 1122304K
  class space    used 10161K, committed 10496K, reserved 1048576K
}
Event: 7383.161 GC heap before
{Heap before GC invocations=115 (full 1):
 garbage-first heap   total 112640K, used 32020K [0x000000008a800000, 0x0000000100000000)
  region size 1024K, 5 young (5120K), 1 survivors (1024K)
 Metaspace       used 82770K, committed 83328K, reserved 1122304K
  class space    used 10161K, committed 10496K, reserved 1048576K
}
Event: 7383.165 GC heap after
{Heap after GC invocations=116 (full 1):
 garbage-first heap   total 112640K, used 28768K [0x000000008a800000, 0x0000000100000000)
  region size 1024K, 1 young (1024K), 1 survivors (1024K)
 Metaspace       used 82770K, committed 83328K, reserved 1122304K
  class space    used 10161K, committed 10496K, reserved 1048576K
}
Event: 7383.926 GC heap before
{Heap before GC invocations=116 (full 1):
 garbage-first heap   total 112640K, used 94304K [0x000000008a800000, 0x0000000100000000)
  region size 1024K, 66 young (67584K), 1 survivors (1024K)
 Metaspace       used 82770K, committed 83328K, reserved 1122304K
  class space    used 10161K, committed 10496K, reserved 1048576K
}
Event: 7383.928 GC heap after
{Heap after GC invocations=117 (full 1):
 garbage-first heap   total 112640K, used 28859K [0x000000008a800000, 0x0000000100000000)
  region size 1024K, 1 young (1024K), 1 survivors (1024K)
 Metaspace       used 82770K, committed 83328K, reserved 1122304K
  class space    used 10161K, committed 10496K, reserved 1048576K
}
Event: 7384.708 GC heap before
{Heap before GC invocations=118 (full 1):
 garbage-first heap   total 112640K, used 94395K [0x000000008a800000, 0x0000000100000000)
  region size 1024K, 66 young (67584K), 1 survivors (1024K)
 Metaspace       used 82776K, committed 83328K, reserved 1122304K
  class space    used 10161K, committed 10496K, reserved 1048576K
}
Event: 7384.709 GC heap after
{Heap after GC invocations=119 (full 1):
 garbage-first heap   total 112640K, used 28814K [0x000000008a800000, 0x0000000100000000)
  region size 1024K, 1 young (1024K), 1 survivors (1024K)
 Metaspace       used 82776K, committed 83328K, reserved 1122304K
  class space    used 10161K, committed 10496K, reserved 1048576K
}
Event: 7384.747 GC heap before
{Heap before GC invocations=119 (full 1):
 garbage-first heap   total 112640K, used 32910K [0x000000008a800000, 0x0000000100000000)
  region size 1024K, 5 young (5120K), 1 survivors (1024K)
 Metaspace       used 82776K, committed 83328K, reserved 1122304K
  class space    used 10161K, committed 10496K, reserved 1048576K
}
Event: 7384.751 GC heap after
{Heap after GC invocations=120 (full 1):
 garbage-first heap   total 112640K, used 28596K [0x000000008a800000, 0x0000000100000000)
  region size 1024K, 1 young (1024K), 1 survivors (1024K)
 Metaspace       used 82776K, committed 83328K, reserved 1122304K
  class space    used 10161K, committed 10496K, reserved 1048576K
}

