# JRE version: OpenJDK Runtime Environment Temurin-17.0.6+10 (17.0.6+10) (build 17.0.6+10)
# Java VM: OpenJDK 64-Bit Server VM Temurin-17.0.6+10 (17.0.6+10, mixed mode, tiered, compressed oops, compressed class ptrs, g1 gc, windows-amd64)
GC Precious Log:
 CPUs: 12 total, 12 available
 Memory: 7519M
 Large Page Support: Disabled
 NUMA Support: Disabled
 Compressed Oops: Enabled (32-bit)
 Heap Region Size: 1M
 Heap Min Capacity: 8M
 Heap Initial Capacity: 118M
 Heap Max Capacity: 1880M
 Pre-touch: Disabled
 Parallel Workers: 10
 Concurrent Workers: 3
 Concurrent Refinement Workers: 10
 Periodic GC: Disabled
Heap:
 garbage-first heap   total 70656K, used 42548K [0x000000008a800000, 0x0000000100000000)
  region size 1024K, 13 young (13312K), 1 survivors (1024K)
 Metaspace       used 81849K, committed 82432K, reserved 1122304K
  class space    used 10171K, committed 10432K, reserved 1048576K
GC Heap History (20 events):
Event: 209.693 GC heap before
{Heap before GC invocations=118 (full 0):
 garbage-first heap   total 70656K, used 59947K [0x000000008a800000, 0x0000000100000000)
  region size 1024K, 30 young (30720K), 1 survivors (1024K)
 Metaspace       used 81849K, committed 82432K, reserved 1122304K
  class space    used 10171K, committed 10432K, reserved 1048576K
}
Event: 209.694 GC heap after
{Heap after GC invocations=119 (full 0):
 garbage-first heap   total 70656K, used 31257K [0x000000008a800000, 0x0000000100000000)
  region size 1024K, 1 young (1024K), 1 survivors (1024K)
 Metaspace       used 81849K, committed 82432K, reserved 1122304K
  class space    used 10171K, committed 10432K, reserved 1048576K
}
Event: 210.120 GC heap before
{Heap before GC invocations=119 (full 0):
 garbage-first heap   total 70656K, used 59929K [0x000000008a800000, 0x0000000100000000)
  region size 1024K, 30 young (30720K), 1 survivors (1024K)
 Metaspace       used 81849K, committed 82432K, reserved 1122304K
  class space    used 10171K, committed 10432K, reserved 1048576K
}
Event: 210.122 GC heap after
{Heap after GC invocations=120 (full 0):
 garbage-first heap   total 70656K, used 31295K [0x000000008a800000, 0x0000000100000000)
  region size 1024K, 1 young (1024K), 1 survivors (1024K)
 Metaspace       used 81849K, committed 82432K, reserved 1122304K
  class space    used 10171K, committed 10432K, reserved 1048576K
}
Event: 210.551 GC heap before
{Heap before GC invocations=120 (full 0):
 garbage-first heap   total 70656K, used 59967K [0x000000008a800000, 0x0000000100000000)
  region size 1024K, 30 young (30720K), 1 survivors (1024K)
 Metaspace       used 81849K, committed 82432K, reserved 1122304K
  class space    used 10171K, committed 10432K, reserved 1048576K
}
Event: 210.553 GC heap after
{Heap after GC invocations=121 (full 0):
 garbage-first heap   total 70656K, used 31299K [0x000000008a800000, 0x0000000100000000)
  region size 1024K, 1 young (1024K), 1 survivors (1024K)
 Metaspace       used 81849K, committed 82432K, reserved 1122304K
  class space    used 10171K, committed 10432K, reserved 1048576K
}
Event: 210.888 GC heap before
{Heap before GC invocations=121 (full 0):
 garbage-first heap   total 70656K, used 59971K [0x000000008a800000, 0x0000000100000000)
  region size 1024K, 30 young (30720K), 1 survivors (1024K)
 Metaspace       used 81849K, committed 82432K, reserved 1122304K
  class space    used 10171K, committed 10432K, reserved 1048576K
}
Event: 210.890 GC heap after
{Heap after GC invocations=122 (full 0):
 garbage-first heap   total 70656K, used 31267K [0x000000008a800000, 0x0000000100000000)
  region size 1024K, 1 young (1024K), 1 survivors (1024K)
 Metaspace       used 81849K, committed 82432K, reserved 1122304K
  class space    used 10171K, committed 10432K, reserved 1048576K
}
Event: 211.232 GC heap before
{Heap before GC invocations=122 (full 0):
 garbage-first heap   total 70656K, used 59939K [0x000000008a800000, 0x0000000100000000)
  region size 1024K, 30 young (30720K), 1 survivors (1024K)
 Metaspace       used 81849K, committed 82432K, reserved 1122304K
  class space    used 10171K, committed 10432K, reserved 1048576K
}
Event: 211.234 GC heap after
{Heap after GC invocations=123 (full 0):
 garbage-first heap   total 70656K, used 31282K [0x000000008a800000, 0x0000000100000000)
  region size 1024K, 1 young (1024K), 1 survivors (1024K)
 Metaspace       used 81849K, committed 82432K, reserved 1122304K
  class space    used 10171K, committed 10432K, reserved 1048576K
}
Event: 211.669 GC heap before
{Heap before GC invocations=123 (full 0):
 garbage-first heap   total 70656K, used 59954K [0x000000008a800000, 0x0000000100000000)
  region size 1024K, 30 young (30720K), 1 survivors (1024K)
 Metaspace       used 81849K, committed 82432K, reserved 1122304K
  class space    used 10171K, committed 10432K, reserved 1048576K
}
Event: 211.670 GC heap after
{Heap after GC invocations=124 (full 0):
 garbage-first heap   total 70656K, used 31312K [0x000000008a800000, 0x0000000100000000)
  region size 1024K, 1 young (1024K), 1 survivors (1024K)
 Metaspace       used 81849K, committed 82432K, reserved 1122304K
  class space    used 10171K, committed 10432K, reserved 1048576K
}
Event: 212.129 GC heap before
{Heap before GC invocations=124 (full 0):
 garbage-first heap   total 70656K, used 59984K [0x000000008a800000, 0x0000000100000000)
  region size 1024K, 30 young (30720K), 1 survivors (1024K)
 Metaspace       used 81849K, committed 82432K, reserved 1122304K
  class space    used 10171K, committed 10432K, reserved 1048576K
}
Event: 212.130 GC heap after
{Heap after GC invocations=125 (full 0):
 garbage-first heap   total 70656K, used 31314K [0x000000008a800000, 0x0000000100000000)
  region size 1024K, 1 young (1024K), 1 survivors (1024K)
 Metaspace       used 81849K, committed 82432K, reserved 1122304K
  class space    used 10171K, committed 10432K, reserved 1048576K
}
Event: 212.574 GC heap before
{Heap before GC invocations=125 (full 0):
 garbage-first heap   total 70656K, used 59986K [0x000000008a800000, 0x0000000100000000)
  region size 1024K, 30 young (30720K), 1 survivors (1024K)
 Metaspace       used 81849K, committed 82432K, reserved 1122304K
  class space    used 10171K, committed 10432K, reserved 1048576K
}
Event: 212.576 GC heap after
{Heap after GC invocations=126 (full 0):
 garbage-first heap   total 70656K, used 31321K [0x000000008a800000, 0x0000000100000000)
  region size 1024K, 1 young (1024K), 1 survivors (1024K)
 Metaspace       used 81849K, committed 82432K, reserved 1122304K
  class space    used 10171K, committed 10432K, reserved 1048576K
}
Event: 212.998 GC heap before
{Heap before GC invocations=126 (full 0):
 garbage-first heap   total 70656K, used 59993K [0x000000008a800000, 0x0000000100000000)
  region size 1024K, 30 young (30720K), 1 survivors (1024K)
 Metaspace       used 81849K, committed 82432K, reserved 1122304K
  class space    used 10171K, committed 10432K, reserved 1048576K
}
Event: 212.999 GC heap after
{Heap after GC invocations=127 (full 0):
 garbage-first heap   total 70656K, used 31296K [0x000000008a800000, 0x0000000100000000)
  region size 1024K, 1 young (1024K), 1 survivors (1024K)
 Metaspace       used 81849K, committed 82432K, reserved 1122304K
  class space    used 10171K, committed 10432K, reserved 1048576K
}
Event: 213.397 GC heap before
{Heap before GC invocations=127 (full 0):
 garbage-first heap   total 70656K, used 59968K [0x000000008a800000, 0x0000000100000000)
  region size 1024K, 30 young (30720K), 1 survivors (1024K)
 Metaspace       used 81849K, committed 82432K, reserved 1122304K
  class space    used 10171K, committed 10432K, reserved 1048576K
}
Event: 213.399 GC heap after
{Heap after GC invocations=128 (full 0):
 garbage-first heap   total 70656K, used 31284K [0x000000008a800000, 0x0000000100000000)
  region size 1024K, 1 young (1024K), 1 survivors (1024K)
 Metaspace       used 81849K, committed 82432K, reserved 1122304K
  class space    used 10171K, committed 10432K, reserved 1048576K
}

