# JRE version: OpenJDK Runtime Environment Temurin-17.0.6+10 (17.0.6+10) (build 17.0.6+10)
# Java VM: OpenJDK 64-Bit Server VM Temurin-17.0.6+10 (17.0.6+10, mixed mode, tiered, compressed oops, compressed class ptrs, g1 gc, windows-amd64)
GC Precious Log:
 CPUs: 12 total, 12 available
 Memory: 7519M
 Large Page Support: Disabled
 NUMA Support: Disabled
 Compressed Oops: Enabled (32-bit)
 Heap Region Size: 1M
 Heap Min Capacity: 8M
 Heap Initial Capacity: 118M
 Heap Max Capacity: 1880M
 Pre-touch: Disabled
 Parallel Workers: 10
 Concurrent Workers: 3
 Concurrent Refinement Workers: 10
 Periodic GC: Disabled
Heap:
 garbage-first heap   total 66560K, used 45040K [0x000000008a800000, 0x0000000100000000)
  region size 1024K, 17 young (17408K), 1 survivors (1024K)
 Metaspace       used 78529K, committed 79104K, reserved 1122304K
  class space    used 9808K, committed 10112K, reserved 1048576K
GC Heap History (20 events):
Event: 119.297 GC heap before
{Heap before GC invocations=125 (full 0):
 garbage-first heap   total 66560K, used 56334K [0x000000008a800000, 0x0000000100000000)
  region size 1024K, 28 young (28672K), 1 survivors (1024K)
 Metaspace       used 78529K, committed 79104K, reserved 1122304K
  class space    used 9808K, committed 10112K, reserved 1048576K
}
Event: 119.298 GC heap after
{Heap after GC invocations=126 (full 0):
 garbage-first heap   total 66560K, used 29668K [0x000000008a800000, 0x0000000100000000)
  region size 1024K, 1 young (1024K), 1 survivors (1024K)
 Metaspace       used 78529K, committed 79104K, reserved 1122304K
  class space    used 9808K, committed 10112K, reserved 1048576K
}
Event: 119.535 GC heap before
{Heap before GC invocations=126 (full 0):
 garbage-first heap   total 66560K, used 57316K [0x000000008a800000, 0x0000000100000000)
  region size 1024K, 28 young (28672K), 1 survivors (1024K)
 Metaspace       used 78529K, committed 79104K, reserved 1122304K
  class space    used 9808K, committed 10112K, reserved 1048576K
}
Event: 119.536 GC heap after
{Heap after GC invocations=127 (full 0):
 garbage-first heap   total 66560K, used 29655K [0x000000008a800000, 0x0000000100000000)
  region size 1024K, 1 young (1024K), 1 survivors (1024K)
 Metaspace       used 78529K, committed 79104K, reserved 1122304K
  class space    used 9808K, committed 10112K, reserved 1048576K
}
Event: 119.768 GC heap before
{Heap before GC invocations=127 (full 0):
 garbage-first heap   total 66560K, used 56279K [0x000000008a800000, 0x0000000100000000)
  region size 1024K, 28 young (28672K), 1 survivors (1024K)
 Metaspace       used 78529K, committed 79104K, reserved 1122304K
  class space    used 9808K, committed 10112K, reserved 1048576K
}
Event: 119.770 GC heap after
{Heap after GC invocations=128 (full 0):
 garbage-first heap   total 66560K, used 29685K [0x000000008a800000, 0x0000000100000000)
  region size 1024K, 1 young (1024K), 1 survivors (1024K)
 Metaspace       used 78529K, committed 79104K, reserved 1122304K
  class space    used 9808K, committed 10112K, reserved 1048576K
}
Event: 120.014 GC heap before
{Heap before GC invocations=128 (full 0):
 garbage-first heap   total 66560K, used 56309K [0x000000008a800000, 0x0000000100000000)
  region size 1024K, 28 young (28672K), 1 survivors (1024K)
 Metaspace       used 78529K, committed 79104K, reserved 1122304K
  class space    used 9808K, committed 10112K, reserved 1048576K
}
Event: 120.016 GC heap after
{Heap after GC invocations=129 (full 0):
 garbage-first heap   total 66560K, used 29649K [0x000000008a800000, 0x0000000100000000)
  region size 1024K, 1 young (1024K), 1 survivors (1024K)
 Metaspace       used 78529K, committed 79104K, reserved 1122304K
  class space    used 9808K, committed 10112K, reserved 1048576K
}
Event: 120.278 GC heap before
{Heap before GC invocations=129 (full 0):
 garbage-first heap   total 66560K, used 57297K [0x000000008a800000, 0x0000000100000000)
  region size 1024K, 28 young (28672K), 1 survivors (1024K)
 Metaspace       used 78529K, committed 79104K, reserved 1122304K
  class space    used 9808K, committed 10112K, reserved 1048576K
}
Event: 120.279 GC heap after
{Heap after GC invocations=130 (full 0):
 garbage-first heap   total 66560K, used 29719K [0x000000008a800000, 0x0000000100000000)
  region size 1024K, 1 young (1024K), 1 survivors (1024K)
 Metaspace       used 78529K, committed 79104K, reserved 1122304K
  class space    used 9808K, committed 10112K, reserved 1048576K
}
Event: 120.516 GC heap before
{Heap before GC invocations=130 (full 0):
 garbage-first heap   total 66560K, used 56343K [0x000000008a800000, 0x0000000100000000)
  region size 1024K, 28 young (28672K), 1 survivors (1024K)
 Metaspace       used 78529K, committed 79104K, reserved 1122304K
  class space    used 9808K, committed 10112K, reserved 1048576K
}
Event: 120.517 GC heap after
{Heap after GC invocations=131 (full 0):
 garbage-first heap   total 66560K, used 29661K [0x000000008a800000, 0x0000000100000000)
  region size 1024K, 1 young (1024K), 1 survivors (1024K)
 Metaspace       used 78529K, committed 79104K, reserved 1122304K
  class space    used 9808K, committed 10112K, reserved 1048576K
}
Event: 120.741 GC heap before
{Heap before GC invocations=131 (full 0):
 garbage-first heap   total 66560K, used 56285K [0x000000008a800000, 0x0000000100000000)
  region size 1024K, 28 young (28672K), 1 survivors (1024K)
 Metaspace       used 78529K, committed 79104K, reserved 1122304K
  class space    used 9808K, committed 10112K, reserved 1048576K
}
Event: 120.742 GC heap after
{Heap after GC invocations=132 (full 0):
 garbage-first heap   total 66560K, used 29672K [0x000000008a800000, 0x0000000100000000)
  region size 1024K, 1 young (1024K), 1 survivors (1024K)
 Metaspace       used 78529K, committed 79104K, reserved 1122304K
  class space    used 9808K, committed 10112K, reserved 1048576K
}
Event: 120.950 GC heap before
{Heap before GC invocations=132 (full 0):
 garbage-first heap   total 66560K, used 56296K [0x000000008a800000, 0x0000000100000000)
  region size 1024K, 28 young (28672K), 1 survivors (1024K)
 Metaspace       used 78529K, committed 79104K, reserved 1122304K
  class space    used 9808K, committed 10112K, reserved 1048576K
}
Event: 120.951 GC heap after
{Heap after GC invocations=133 (full 0):
 garbage-first heap   total 66560K, used 29680K [0x000000008a800000, 0x0000000100000000)
  region size 1024K, 1 young (1024K), 1 survivors (1024K)
 Metaspace       used 78529K, committed 79104K, reserved 1122304K
  class space    used 9808K, committed 10112K, reserved 1048576K
}
Event: 121.127 GC heap before
{Heap before GC invocations=133 (full 0):
 garbage-first heap   total 66560K, used 56304K [0x000000008a800000, 0x0000000100000000)
  region size 1024K, 28 young (28672K), 1 survivors (1024K)
 Metaspace       used 78529K, committed 79104K, reserved 1122304K
  class space    used 9808K, committed 10112K, reserved 1048576K
}
Event: 121.128 GC heap after
{Heap after GC invocations=134 (full 0):
 garbage-first heap   total 66560K, used 29696K [0x000000008a800000, 0x0000000100000000)
  region size 1024K, 1 young (1024K), 1 survivors (1024K)
 Metaspace       used 78529K, committed 79104K, reserved 1122304K
  class space    used 9808K, committed 10112K, reserved 1048576K
}
Event: 121.303 GC heap before
{Heap before GC invocations=134 (full 0):
 garbage-first heap   total 66560K, used 56320K [0x000000008a800000, 0x0000000100000000)
  region size 1024K, 28 young (28672K), 1 survivors (1024K)
 Metaspace       used 78529K, committed 79104K, reserved 1122304K
  class space    used 9808K, committed 10112K, reserved 1048576K
}
Event: 121.304 GC heap after
{Heap after GC invocations=135 (full 0):
 garbage-first heap   total 66560K, used 29680K [0x000000008a800000, 0x0000000100000000)
  region size 1024K, 1 young (1024K), 1 survivors (1024K)
 Metaspace       used 78529K, committed 79104K, reserved 1122304K
  class space    used 9808K, committed 10112K, reserved 1048576K
}

